INFO: Running with entropic power schedule (0xFF, 100).
INFO: Seed: 2318748367
MERGE-OUTER: 15599 files, 0 in the initial corpus, 0 processed earlier
MERGE-OUTER: attempt 1
INFO: Running with entropic power schedule (0xFF, 100).
INFO: Seed: 2318803916
INFO: -max_len is not provided; libFuzzer will not generate inputs larger than 1048576 bytes
MERGE-INNER: using the control file '/tmp/libFuzzerTemp.Merge173.txt'
MERGE-INNER: 15599 total files; 0 processed earlier; will process 15599 files now
#1	pulse  exec/s: 0 rss: 33Mb
#2	pulse  exec/s: 0 rss: 33Mb
#4	pulse  exec/s: 0 rss: 33Mb
#8	pulse  exec/s: 0 rss: 33Mb
#16	pulse  exec/s: 0 rss: 33Mb
#32	pulse  exec/s: 0 rss: 33Mb
#64	pulse  exec/s: 0 rss: 33Mb
#128	pulse  exec/s: 0 rss: 33Mb
#256	pulse  exec/s: 0 rss: 34Mb
#512	pulse  exec/s: 0 rss: 34Mb
#1024	pulse  exec/s: 0 rss: 34Mb
#2048	pulse  exec/s: 0 rss: 34Mb
#4096	pulse  exec/s: 0 rss: 34Mb
#8192	pulse  exec/s: 0 rss: 34Mb
#15599	DONE   exec/s: 15599 rss: 71Mb
MERGE-OUTER: successful in 1 attempt(s)
MERGE-OUTER: the control file has 1849701 bytes
MERGE-OUTER: consumed 1Mb (35Mb rss) to parse the control file
MERGE-OUTER: 0 new files with 0 new features added; 0 new coverage edges
